<?xml version="1.0" encoding="UTF-8"?>
<!-- Generated by org.testng.reporters.JUnitReportReporter -->
<testsuite hostname="DESKTOP-4HJIOBN" failures="0" tests="3" name="homePage.Mytestcases" time="3.839" errors="0" timestamp="2024-08-13T19:40:38 EET" skipped="1">
  <testcase classname="homePage.Mytestcases" name="RandomLanguage" time="3.452"/>
  <system-out/>
  <testcase classname="homePage.Mytestcases" name="SwitchHotels" time="0.387"/>
  <system-out/>
  <testcase classname="homePage.Mytestcases" name="Check">
    <skipped/>
  </testcase> <!-- Check -->
  <system-out/>
</testsuite> <!-- homePage.Mytestcases -->
