<?xml version="1.0" encoding="UTF-8"?>
<!-- Generated by org.testng.reporters.JUnitReportReporter -->
<testsuite hostname="DESKTOP-4HJIOBN" failures="0" tests="2" name="homePage.Mytestcases" time="6.876" errors="0" timestamp="2024-08-13T19:10:54 EET" skipped="1">
  <testcase classname="homePage.Mytestcases" name="RandomLanguage" time="6.876"/>
  <system-out/>
  <testcase classname="homePage.Mytestcases" name="Check">
    <skipped/>
  </testcase> <!-- Check -->
  <system-out/>
</testsuite> <!-- homePage.Mytestcases -->
