<?xml version="1.0" encoding="UTF-8"?>
<!-- Generated by org.testng.reporters.JUnitReportReporter -->
<testsuite hostname="DESKTOP-4HJIOBN" failures="0" tests="8" name="homePage.Mytestcases" time="0.215" errors="0" timestamp="2024-08-17T20:54:05 EET" skipped="2">
  <testcase classname="homePage.Mytestcases" name="checkDate" time="0.058"/>
  <system-out/>
  <testcase classname="homePage.Mytestcases" name="CheckTheDefaultLangugeIsEnglish" time="0.021"/>
  <system-out/>
  <testcase classname="homePage.Mytestcases" name="CheckdefaultCurrency" time="0.035"/>
  <system-out/>
  <testcase classname="homePage.Mytestcases" name="CheckContactNumber" time="0.018"/>
  <system-out/>
  <testcase classname="homePage.Mytestcases" name="CheckQitagLogo" time="0.054"/>
  <system-out/>
  <testcase classname="homePage.Mytestcases" name="TestHotelTabIsNotSelected" time="0.029"/>
  <system-out/>
  <testcase classname="homePage.Mytestcases" name="RandomLanguage">
    <skipped/>
  </testcase> <!-- RandomLanguage -->
  <system-out/>
  <testcase classname="homePage.Mytestcases" name="SwitchHotels">
    <skipped/>
  </testcase> <!-- SwitchHotels -->
  <system-out/>
</testsuite> <!-- homePage.Mytestcases -->
