<?xml version="1.0" encoding="UTF-8"?>
<!-- Generated by org.testng.reporters.JUnitReportReporter -->
<testsuite hostname="DESKTOP-4HJIOBN" failures="0" tests="10" name="homePage.Mytestcases" time="4.972" errors="0" timestamp="2024-08-18T20:53:23 EET" skipped="0">
  <testcase classname="homePage.Mytestcases" name="CheckThePageFullyLoaded" time="0.001"/>
  <system-out/>
  <testcase classname="homePage.Mytestcases" name="CheckDepatureDate" time="0.048"/>
  <system-out/>
  <testcase classname="homePage.Mytestcases" name="CheckTheDefaultLangugeIsEnglish" time="0.021"/>
  <system-out/>
  <testcase classname="homePage.Mytestcases" name="CheckdefaultCurrency" time="0.018"/>
  <system-out/>
  <testcase classname="homePage.Mytestcases" name="CheckContactNumber" time="0.023"/>
  <system-out/>
  <testcase classname="homePage.Mytestcases" name="CheckQitagLogo" time="0.043"/>
  <system-out/>
  <testcase classname="homePage.Mytestcases" name="TestHotelTabIsNotSelected" time="0.019"/>
  <system-out/>
  <testcase classname="homePage.Mytestcases" name="RandomlyChangeTheLanguage" time="1.121"/>
  <system-out/>
  <testcase classname="homePage.Mytestcases" name="SwitchHotels" time="0.396"/>
  <system-out/>
  <testcase classname="homePage.Mytestcases" name="RandomlySelectTheNumberOfVistor" time="3.282"/>
  <system-out/>
</testsuite> <!-- homePage.Mytestcases -->
